# JRE version: OpenJDK Runtime Environment (11.0.12+7) (build 11.0.12+7-b1504.28-7817840)
# Java VM: OpenJDK 64-Bit Server VM (11.0.12+7-b1504.28-7817840, mixed mode, tiered, compressed oops, g1 gc, windows-amd64)
Heap:
 garbage-first heap   total 229376K, used 147559K [0x0000000080000000, 0x0000000100000000)
  region size 1024K, 25 young (25600K), 2 survivors (2048K)
 Metaspace       used 125607K, capacity 129167K, committed 129356K, reserved 1161216K
  class space    used 15611K, capacity 16931K, committed 17024K, reserved 1048576K
GC Heap History (20 events):
Event: 1166.466 GC heap before
{Heap before GC invocations=120 (full 0):
 garbage-first heap   total 229376K, used 142424K [0x0000000080000000, 0x0000000100000000)
  region size 1024K, 11 young (11264K), 6 survivors (6144K)
 Metaspace       used 124513K, capacity 127918K, committed 128332K, reserved 1161216K
  class space    used 15537K, capacity 16819K, committed 17024K, reserved 1048576K
}
Event: 1166.550 GC heap after
{Heap after GC invocations=121 (full 0):
 garbage-first heap   total 229376K, used 123803K [0x0000000080000000, 0x0000000100000000)
  region size 1024K, 1 young (1024K), 1 survivors (1024K)
 Metaspace       used 124513K, capacity 127918K, committed 128332K, reserved 1161216K
  class space    used 15537K, capacity 16819K, committed 17024K, reserved 1048576K
}
Event: 1167.612 GC heap before
{Heap before GC invocations=121 (full 0):
 garbage-first heap   total 229376K, used 134043K [0x0000000080000000, 0x0000000100000000)
  region size 1024K, 11 young (11264K), 1 survivors (1024K)
 Metaspace       used 124573K, capacity 127982K, committed 128332K, reserved 1161216K
  class space    used 15538K, capacity 16819K, committed 17024K, reserved 1048576K
}
Event: 1167.640 GC heap after
{Heap after GC invocations=122 (full 0):
 garbage-first heap   total 229376K, used 122683K [0x0000000080000000, 0x0000000100000000)
  region size 1024K, 1 young (1024K), 1 survivors (1024K)
 Metaspace       used 124573K, capacity 127982K, committed 128332K, reserved 1161216K
  class space    used 15538K, capacity 16819K, committed 17024K, reserved 1048576K
}
Event: 1174.841 GC heap before
{Heap before GC invocations=122 (full 0):
 garbage-first heap   total 229376K, used 154427K [0x0000000080000000, 0x0000000100000000)
  region size 1024K, 34 young (34816K), 1 survivors (1024K)
 Metaspace       used 124732K, capacity 128090K, committed 128588K, reserved 1161216K
  class space    used 15542K, capacity 16825K, committed 17024K, reserved 1048576K
}
Event: 1174.888 GC heap after
{Heap after GC invocations=123 (full 0):
 garbage-first heap   total 229376K, used 123951K [0x0000000080000000, 0x0000000100000000)
  region size 1024K, 3 young (3072K), 3 survivors (3072K)
 Metaspace       used 124732K, capacity 128090K, committed 128588K, reserved 1161216K
  class space    used 15542K, capacity 16825K, committed 17024K, reserved 1048576K
}
Event: 1460.686 GC heap before
{Heap before GC invocations=124 (full 0):
 garbage-first heap   total 229376K, used 183343K [0x0000000080000000, 0x0000000100000000)
  region size 1024K, 46 young (47104K), 3 survivors (3072K)
 Metaspace       used 124942K, capacity 128301K, committed 128588K, reserved 1161216K
  class space    used 15542K, capacity 16826K, committed 17024K, reserved 1048576K
}
Event: 1460.881 GC heap after
{Heap after GC invocations=125 (full 0):
 garbage-first heap   total 229376K, used 125896K [0x0000000080000000, 0x0000000100000000)
  region size 1024K, 6 young (6144K), 6 survivors (6144K)
 Metaspace       used 124942K, capacity 128301K, committed 128588K, reserved 1161216K
  class space    used 15542K, capacity 16826K, committed 17024K, reserved 1048576K
}
Event: 1461.583 GC heap before
{Heap before GC invocations=125 (full 0):
 garbage-first heap   total 229376K, used 131016K [0x0000000080000000, 0x0000000100000000)
  region size 1024K, 11 young (11264K), 6 survivors (6144K)
 Metaspace       used 124945K, capacity 128301K, committed 128588K, reserved 1161216K
  class space    used 15542K, capacity 16826K, committed 17024K, reserved 1048576K
}
Event: 1461.723 GC heap after
{Heap after GC invocations=126 (full 0):
 garbage-first heap   total 229376K, used 122351K [0x0000000080000000, 0x0000000100000000)
  region size 1024K, 1 young (1024K), 1 survivors (1024K)
 Metaspace       used 124945K, capacity 128301K, committed 128588K, reserved 1161216K
  class space    used 15542K, capacity 16826K, committed 17024K, reserved 1048576K
}
Event: 1462.793 GC heap before
{Heap before GC invocations=126 (full 0):
 garbage-first heap   total 229376K, used 134639K [0x0000000080000000, 0x0000000100000000)
  region size 1024K, 11 young (11264K), 1 survivors (1024K)
 Metaspace       used 124953K, capacity 128307K, committed 128588K, reserved 1161216K
  class space    used 15543K, capacity 16827K, committed 17024K, reserved 1048576K
}
Event: 1462.983 GC heap after
{Heap after GC invocations=127 (full 0):
 garbage-first heap   total 229376K, used 127557K [0x0000000080000000, 0x0000000100000000)
  region size 1024K, 2 young (2048K), 2 survivors (2048K)
 Metaspace       used 124953K, capacity 128307K, committed 128588K, reserved 1161216K
  class space    used 15543K, capacity 16827K, committed 17024K, reserved 1048576K
}
Event: 1467.291 GC heap before
{Heap before GC invocations=127 (full 0):
 garbage-first heap   total 229376K, used 171589K [0x0000000080000000, 0x0000000100000000)
  region size 1024K, 45 young (46080K), 2 survivors (2048K)
 Metaspace       used 124988K, capacity 128371K, committed 128844K, reserved 1161216K
  class space    used 15543K, capacity 16827K, committed 17024K, reserved 1048576K
}
Event: 1467.399 GC heap after
{Heap after GC invocations=128 (full 0):
 garbage-first heap   total 229376K, used 137566K [0x0000000080000000, 0x0000000100000000)
  region size 1024K, 6 young (6144K), 6 survivors (6144K)
 Metaspace       used 124988K, capacity 128371K, committed 128844K, reserved 1161216K
  class space    used 15543K, capacity 16827K, committed 17024K, reserved 1048576K
}
Event: 1473.578 GC heap before
{Heap before GC invocations=129 (full 0):
 garbage-first heap   total 229376K, used 191838K [0x0000000080000000, 0x0000000100000000)
  region size 1024K, 44 young (45056K), 6 survivors (6144K)
 Metaspace       used 125087K, capacity 128450K, committed 128844K, reserved 1161216K
  class space    used 15546K, capacity 16831K, committed 17024K, reserved 1048576K
}
Event: 1473.754 GC heap after
{Heap after GC invocations=130 (full 0):
 garbage-first heap   total 229376K, used 140651K [0x0000000080000000, 0x0000000100000000)
  region size 1024K, 5 young (5120K), 5 survivors (5120K)
 Metaspace       used 125087K, capacity 128450K, committed 128844K, reserved 1161216K
  class space    used 15546K, capacity 16831K, committed 17024K, reserved 1048576K
}
Event: 1516.077 GC heap before
{Heap before GC invocations=130 (full 0):
 garbage-first heap   total 229376K, used 145771K [0x0000000080000000, 0x0000000100000000)
  region size 1024K, 11 young (11264K), 5 survivors (5120K)
 Metaspace       used 125217K, capacity 128641K, committed 129100K, reserved 1161216K
  class space    used 15565K, capacity 16870K, committed 17024K, reserved 1048576K
}
Event: 1516.298 GC heap after
{Heap after GC invocations=131 (full 0):
 garbage-first heap   total 229376K, used 129172K [0x0000000080000000, 0x0000000100000000)
  region size 1024K, 1 young (1024K), 1 survivors (1024K)
 Metaspace       used 125217K, capacity 128641K, committed 129100K, reserved 1161216K
  class space    used 15565K, capacity 16870K, committed 17024K, reserved 1048576K
}
Event: 1586.370 GC heap before
{Heap before GC invocations=131 (full 0):
 garbage-first heap   total 229376K, used 138388K [0x0000000080000000, 0x0000000100000000)
  region size 1024K, 11 young (11264K), 1 survivors (1024K)
 Metaspace       used 125466K, capacity 128909K, committed 129100K, reserved 1161216K
  class space    used 15596K, capacity 16904K, committed 17024K, reserved 1048576K
}
Event: 1586.584 GC heap after
{Heap after GC invocations=132 (full 0):
 garbage-first heap   total 229376K, used 126055K [0x0000000080000000, 0x0000000100000000)
  region size 1024K, 2 young (2048K), 2 survivors (2048K)
 Metaspace       used 125466K, capacity 128909K, committed 129100K, reserved 1161216K
  class space    used 15596K, capacity 16904K, committed 17024K, reserved 1048576K
}

